<?xml version="1.0" encoding="UTF-8"?>
<!-- Generated by org.testng.reporters.JUnitReportReporter -->
<testsuite hostname="MUTTERS-2" failures="0" tests="1" name="test.CodeChallengeTest" time="13.526" errors="0" timestamp="2023-01-21T14:25:09 ART" skipped="0">
  <testcase classname="test.CodeChallengeTest" name="CodeChallengeTest" time="13.526"/>
  <system-out>
    <![CDATA[Se encontraron: 1.490 resultados]]>
  </system-out>
</testsuite> <!-- test.CodeChallengeTest -->
